app/build/intermediates/manifest_merge_blame_file/debug/processDebugMainManifest/manifest-merger-blame-debug-report.txt
1<?xml version="1.0" encoding="utf-8"?>
2<manifest xmlns:android="http://schemas.android.com/apk/res/android"
3    package="com.example.projectilumina"
4    android:versionCode="1"
5    android:versionName="1.0" >
6
7    <uses-sdk
8        android:minSdkVersion="28"
9        android:targetSdkVersion="34" />
10
11    <uses-permission android:name="android.permission.INTERNET" />
11-->src\main\AndroidManifest.xml:4:5-67
11-->src\main\AndroidManifest.xml:4:22-64
12    <uses-permission android:name="android.permission.GET_ACCOUNTS" />
12-->src\main\AndroidManifest.xml:5:5-71
12-->src\main\AndroidManifest.xml:5:22-68
13    <uses-permission android:name="android.permission.ACCESS_FINE_LOCATION" />
13-->src\main\AndroidManifest.xml:6:5-79
13-->src\main\AndroidManifest.xml:6:22-76
14    <uses-permission android:name="android.permission.ACCESS_COARSE_LOCATION" />
14-->src\main\AndroidManifest.xml:7:5-81
14-->src\main\AndroidManifest.xml:7:22-78
15    <uses-permission android:name="android.permission.READ_EXTERNAL_STORAGE" />
15-->src\main\AndroidManifest.xml:8:5-80
15-->src\main\AndroidManifest.xml:8:22-77
16    <uses-permission android:name="android.permission.WRITE_EXTERNAL_STORAGE" />
16-->src\main\AndroidManifest.xml:9:5-81
16-->src\main\AndroidManifest.xml:9:22-78
17    <uses-permission android:name="android.permission.ACCESS_NETWORK_STATE" />
17-->src\main\AndroidManifest.xml:10:5-79
17-->src\main\AndroidManifest.xml:10:22-76
18    <uses-permission android:name="android.permission.POST_NOTIFICATIONS" />
18-->src\main\AndroidManifest.xml:11:5-76
18-->src\main\AndroidManifest.xml:11:22-74
19    <uses-permission android:name="android.permission.WAKE_LOCK" />
19-->[com.google.android.gms:play-services-measurement:22.1.0] AndroidManifest.xml:25:5-68
19-->[com.google.android.gms:play-services-measurement:22.1.0] AndroidManifest.xml:25:22-65
20    <uses-permission android:name="com.google.android.finsky.permission.BIND_GET_INSTALL_REFERRER_SERVICE" /> <!-- Create a unique permission for your app and use it so only your app can receive your OneSignal messages. -->
20-->[com.google.android.gms:play-services-measurement:22.1.0] AndroidManifest.xml:26:5-110
20-->[com.google.android.gms:play-services-measurement:22.1.0] AndroidManifest.xml:26:22-107
21    <permission
21-->[com.onesignal:notifications:5.2.0-beta-02] AndroidManifest.xml:10:5-12:47
22        android:name="com.example.projectilumina.permission.C2D_MESSAGE"
22-->[com.onesignal:notifications:5.2.0-beta-02] AndroidManifest.xml:11:9-63
23        android:protectionLevel="signature" />
23-->[com.onesignal:notifications:5.2.0-beta-02] AndroidManifest.xml:12:9-44
24
25    <uses-permission android:name="com.example.projectilumina.permission.C2D_MESSAGE" /> <!-- c2dm RECEIVE are basic requirements for push messages through Google's FCM -->
25-->[com.onesignal:notifications:5.2.0-beta-02] AndroidManifest.xml:14:5-79
25-->[com.onesignal:notifications:5.2.0-beta-02] AndroidManifest.xml:14:22-76
26    <uses-permission android:name="com.google.android.c2dm.permission.RECEIVE" />
26-->[com.onesignal:notifications:5.2.0-beta-02] AndroidManifest.xml:19:5-82
26-->[com.onesignal:notifications:5.2.0-beta-02] AndroidManifest.xml:19:22-79
27    <!--
28 Required so the device vibrates on receiving a push notification.
29         Vibration settings of the device still apply.
30    -->
31    <uses-permission android:name="android.permission.VIBRATE" />
31-->[com.onesignal:notifications:5.2.0-beta-02] AndroidManifest.xml:24:5-66
31-->[com.onesignal:notifications:5.2.0-beta-02] AndroidManifest.xml:24:22-63
32    <!--
33 Use to restore notifications the user hasn't interacted with.
34     They could be missed notifications if the user reboots their device if this isn't in place.
35    -->
36    <uses-permission android:name="android.permission.RECEIVE_BOOT_COMPLETED" /> <!-- START: ShortcutBadger -->
36-->[com.onesignal:notifications:5.2.0-beta-02] AndroidManifest.xml:29:5-81
36-->[com.onesignal:notifications:5.2.0-beta-02] AndroidManifest.xml:29:22-78
37    <!-- Samsung -->
38    <uses-permission android:name="com.sec.android.provider.badge.permission.READ" />
38-->[com.onesignal:notifications:5.2.0-beta-02] AndroidManifest.xml:31:5-86
38-->[com.onesignal:notifications:5.2.0-beta-02] AndroidManifest.xml:31:22-83
39    <uses-permission android:name="com.sec.android.provider.badge.permission.WRITE" /> <!-- HTC -->
39-->[com.onesignal:notifications:5.2.0-beta-02] AndroidManifest.xml:32:5-87
39-->[com.onesignal:notifications:5.2.0-beta-02] AndroidManifest.xml:32:22-84
40    <uses-permission android:name="com.htc.launcher.permission.READ_SETTINGS" />
40-->[com.onesignal:notifications:5.2.0-beta-02] AndroidManifest.xml:33:5-81
40-->[com.onesignal:notifications:5.2.0-beta-02] AndroidManifest.xml:33:22-78
41    <uses-permission android:name="com.htc.launcher.permission.UPDATE_SHORTCUT" /> <!-- Sony -->
41-->[com.onesignal:notifications:5.2.0-beta-02] AndroidManifest.xml:34:5-83
41-->[com.onesignal:notifications:5.2.0-beta-02] AndroidManifest.xml:34:22-80
42    <uses-permission android:name="com.sonyericsson.home.permission.BROADCAST_BADGE" />
42-->[com.onesignal:notifications:5.2.0-beta-02] AndroidManifest.xml:35:5-88
42-->[com.onesignal:notifications:5.2.0-beta-02] AndroidManifest.xml:35:22-85
43    <uses-permission android:name="com.sonymobile.home.permission.PROVIDER_INSERT_BADGE" /> <!-- Apex -->
43-->[com.onesignal:notifications:5.2.0-beta-02] AndroidManifest.xml:36:5-92
43-->[com.onesignal:notifications:5.2.0-beta-02] AndroidManifest.xml:36:22-89
44    <uses-permission android:name="com.anddoes.launcher.permission.UPDATE_COUNT" /> <!-- Solid -->
44-->[com.onesignal:notifications:5.2.0-beta-02] AndroidManifest.xml:37:5-84
44-->[com.onesignal:notifications:5.2.0-beta-02] AndroidManifest.xml:37:22-81
45    <uses-permission android:name="com.majeur.launcher.permission.UPDATE_BADGE" /> <!-- Huawei -->
45-->[com.onesignal:notifications:5.2.0-beta-02] AndroidManifest.xml:38:5-83
45-->[com.onesignal:notifications:5.2.0-beta-02] AndroidManifest.xml:38:22-80
46    <uses-permission android:name="com.huawei.android.launcher.permission.CHANGE_BADGE" />
46-->[com.onesignal:notifications:5.2.0-beta-02] AndroidManifest.xml:39:5-91
46-->[com.onesignal:notifications:5.2.0-beta-02] AndroidManifest.xml:39:22-88
47    <uses-permission android:name="com.huawei.android.launcher.permission.READ_SETTINGS" />
47-->[com.onesignal:notifications:5.2.0-beta-02] AndroidManifest.xml:40:5-92
47-->[com.onesignal:notifications:5.2.0-beta-02] AndroidManifest.xml:40:22-89
48    <uses-permission android:name="com.huawei.android.launcher.permission.WRITE_SETTINGS" /> <!-- ZUK -->
48-->[com.onesignal:notifications:5.2.0-beta-02] AndroidManifest.xml:41:5-93
48-->[com.onesignal:notifications:5.2.0-beta-02] AndroidManifest.xml:41:22-90
49    <uses-permission android:name="android.permission.READ_APP_BADGE" /> <!-- OPPO -->
49-->[com.onesignal:notifications:5.2.0-beta-02] AndroidManifest.xml:42:5-73
49-->[com.onesignal:notifications:5.2.0-beta-02] AndroidManifest.xml:42:22-70
50    <uses-permission android:name="com.oppo.launcher.permission.READ_SETTINGS" />
50-->[com.onesignal:notifications:5.2.0-beta-02] AndroidManifest.xml:43:5-82
50-->[com.onesignal:notifications:5.2.0-beta-02] AndroidManifest.xml:43:22-79
51    <uses-permission android:name="com.oppo.launcher.permission.WRITE_SETTINGS" /> <!-- EvMe -->
51-->[com.onesignal:notifications:5.2.0-beta-02] AndroidManifest.xml:44:5-83
51-->[com.onesignal:notifications:5.2.0-beta-02] AndroidManifest.xml:44:22-80
52    <uses-permission android:name="me.everything.badger.permission.BADGE_COUNT_READ" />
52-->[com.onesignal:notifications:5.2.0-beta-02] AndroidManifest.xml:45:5-88
52-->[com.onesignal:notifications:5.2.0-beta-02] AndroidManifest.xml:45:22-85
53    <uses-permission android:name="me.everything.badger.permission.BADGE_COUNT_WRITE" />
53-->[com.onesignal:notifications:5.2.0-beta-02] AndroidManifest.xml:46:5-89
53-->[com.onesignal:notifications:5.2.0-beta-02] AndroidManifest.xml:46:22-86
54    <uses-permission android:name="com.google.android.gms.permission.AD_ID" />
54-->[com.google.android.gms:play-services-measurement-impl:22.1.0] AndroidManifest.xml:27:5-79
54-->[com.google.android.gms:play-services-measurement-impl:22.1.0] AndroidManifest.xml:27:22-76
55
56    <uses-feature
56-->[com.google.android.gms:play-services-maps:18.1.0] AndroidManifest.xml:26:5-28:35
57        android:glEsVersion="0x00020000"
57-->[com.google.android.gms:play-services-maps:18.1.0] AndroidManifest.xml:27:9-41
58        android:required="true" />
58-->[com.google.android.gms:play-services-maps:18.1.0] AndroidManifest.xml:28:9-32
59
60    <queries>
60-->[com.google.android.gms:play-services-maps:18.1.0] AndroidManifest.xml:30:5-34:15
61
62        <!-- Needs to be explicitly declared on Android R+ -->
63        <package android:name="com.google.android.apps.maps" />
63-->[com.google.android.gms:play-services-maps:18.1.0] AndroidManifest.xml:33:9-64
63-->[com.google.android.gms:play-services-maps:18.1.0] AndroidManifest.xml:33:18-61
64
65        <intent>
65-->[com.google.androidbrowserhelper:androidbrowserhelper:2.5.0] AndroidManifest.xml:27:9-33:18
66            <action android:name="android.intent.action.VIEW" />
66-->[com.onesignal:notifications:5.2.0-beta-02] AndroidManifest.xml:76:17-69
66-->[com.onesignal:notifications:5.2.0-beta-02] AndroidManifest.xml:76:25-66
67
68            <category android:name="android.intent.category.BROWSABLE" />
68-->[com.google.firebase:firebase-auth:23.0.0] AndroidManifest.xml:39:17-78
68-->[com.google.firebase:firebase-auth:23.0.0] AndroidManifest.xml:39:27-75
69
70            <data android:scheme="https" />
70-->[com.google.firebase:firebase-auth:23.0.0] AndroidManifest.xml:41:17-44:51
70-->[com.google.firebase:firebase-auth:23.0.0] AndroidManifest.xml:44:21-48
71        </intent>
72    </queries>
73
74    <uses-permission android:name="android.permission.ACCESS_ADSERVICES_ATTRIBUTION" />
74-->[com.google.android.gms:play-services-measurement-api:22.1.0] AndroidManifest.xml:26:5-88
74-->[com.google.android.gms:play-services-measurement-api:22.1.0] AndroidManifest.xml:26:22-85
75    <uses-permission android:name="android.permission.ACCESS_ADSERVICES_AD_ID" />
75-->[com.google.android.gms:play-services-measurement-api:22.1.0] AndroidManifest.xml:27:5-82
75-->[com.google.android.gms:play-services-measurement-api:22.1.0] AndroidManifest.xml:27:22-79
76    <uses-permission android:name="com.google.android.providers.gsf.permission.READ_GSERVICES" />
76-->[com.google.android.recaptcha:recaptcha:18.4.0] AndroidManifest.xml:9:5-98
76-->[com.google.android.recaptcha:recaptcha:18.4.0] AndroidManifest.xml:9:22-95
77    <uses-permission android:name="android.permission.FOREGROUND_SERVICE" />
77-->[androidx.work:work-runtime:2.8.1] AndroidManifest.xml:26:5-77
77-->[androidx.work:work-runtime:2.8.1] AndroidManifest.xml:26:22-74
78
79    <permission
79-->[androidx.core:core:1.13.1] AndroidManifest.xml:22:5-24:47
80        android:name="com.example.projectilumina.DYNAMIC_RECEIVER_NOT_EXPORTED_PERMISSION"
80-->[androidx.core:core:1.13.1] AndroidManifest.xml:23:9-81
81        android:protectionLevel="signature" />
81-->[androidx.core:core:1.13.1] AndroidManifest.xml:24:9-44
82
83    <uses-permission android:name="com.example.projectilumina.DYNAMIC_RECEIVER_NOT_EXPORTED_PERMISSION" />
83-->[androidx.core:core:1.13.1] AndroidManifest.xml:26:5-97
83-->[androidx.core:core:1.13.1] AndroidManifest.xml:26:22-94
84
85    <application
85-->src\main\AndroidManifest.xml:12:5-59:19
86        android:allowBackup="true"
86-->src\main\AndroidManifest.xml:13:9-35
87        android:appComponentFactory="androidx.core.app.CoreComponentFactory"
87-->[androidx.core:core:1.13.1] AndroidManifest.xml:28:18-86
88        android:debuggable="true"
89        android:extractNativeLibs="false"
90        android:icon="@mipmap/ic_launcher"
90-->src\main\AndroidManifest.xml:14:9-43
91        android:label="@string/app_name"
91-->src\main\AndroidManifest.xml:15:9-41
92        android:roundIcon="@mipmap/ic_launcher_round"
92-->src\main\AndroidManifest.xml:16:9-54
93        android:supportsRtl="true"
93-->src\main\AndroidManifest.xml:17:9-35
94        android:testOnly="true"
95        android:theme="@style/Theme.AppCompat.Light.NoActionBar" >
95-->src\main\AndroidManifest.xml:18:9-65
96        <activity
96-->src\main\AndroidManifest.xml:19:9-21:39
97            android:name="com.example.projectilumina.Activity.ProfileActivity"
97-->src\main\AndroidManifest.xml:20:13-53
98            android:exported="false" />
98-->src\main\AndroidManifest.xml:21:13-37
99        <activity
99-->src\main\AndroidManifest.xml:22:9-24:40
100            android:name="com.example.projectilumina.Activity.NotificacaoActivity"
100-->src\main\AndroidManifest.xml:23:13-57
101            android:exported="false" />
101-->src\main\AndroidManifest.xml:24:13-37
102        <activity
102-->src\main\AndroidManifest.xml:25:9-27:40
103            android:name="com.example.projectilumina.Activity.SendReportActivity"
103-->src\main\AndroidManifest.xml:26:13-56
104            android:exported="false" />
104-->src\main\AndroidManifest.xml:27:13-37
105        <activity
105-->src\main\AndroidManifest.xml:28:9-30:40
106            android:name="com.example.projectilumina.Activity.HomeActivity"
106-->src\main\AndroidManifest.xml:29:13-50
107            android:exported="false" />
107-->src\main\AndroidManifest.xml:30:13-37
108        <activity
108-->src\main\AndroidManifest.xml:31:9-33:40
109            android:name="com.example.projectilumina.Activity.ReportActivity"
109-->src\main\AndroidManifest.xml:32:13-52
110            android:exported="false" />
110-->src\main\AndroidManifest.xml:33:13-37
111
112        <meta-data
112-->src\main\AndroidManifest.xml:35:9-37:71
113            android:name="com.google.android.geo.API_KEY"
113-->src\main\AndroidManifest.xml:36:13-58
114            android:value="AIzaSyCtvNzycNzwREiL1kjM5KwQFHuAQh-xUwg" />
114-->src\main\AndroidManifest.xml:37:13-68
115
116        <service
116-->src\main\AndroidManifest.xml:38:9-44:19
117            android:name="com.example.projectilumina.service.MyFirebaseMessagingService"
117-->src\main\AndroidManifest.xml:39:13-63
118            android:exported="false" >
118-->src\main\AndroidManifest.xml:40:13-37
119            <intent-filter>
119-->src\main\AndroidManifest.xml:41:13-43:29
120                <action android:name="com.google.firebase.MESSAGING_EVENT" />
120-->src\main\AndroidManifest.xml:42:17-78
120-->src\main\AndroidManifest.xml:42:25-75
121            </intent-filter>
122        </service>
123
124        <activity
124-->src\main\AndroidManifest.xml:47:9-55:20
125            android:name="com.example.projectilumina.Activity.MainActivity"
125-->src\main\AndroidManifest.xml:48:13-50
126            android:exported="true" >
126-->src\main\AndroidManifest.xml:49:13-36
127            <intent-filter>
127-->src\main\AndroidManifest.xml:50:13-54:29
128                <action android:name="android.intent.action.MAIN" />
128-->src\main\AndroidManifest.xml:51:17-69
128-->src\main\AndroidManifest.xml:51:25-66
129
130                <category android:name="android.intent.category.LAUNCHER" />
130-->src\main\AndroidManifest.xml:53:17-77
130-->src\main\AndroidManifest.xml:53:27-74
131            </intent-filter>
132        </activity>
133        <activity
133-->src\main\AndroidManifest.xml:56:9-58:39
134            android:name="com.example.projectilumina.Activity.RegisterActivity"
134-->src\main\AndroidManifest.xml:57:13-54
135            android:exported="true" />
135-->src\main\AndroidManifest.xml:58:13-36
136
137        <service
137-->[com.google.firebase:firebase-storage-ktx:21.0.0] AndroidManifest.xml:9:9-15:19
138            android:name="com.google.firebase.components.ComponentDiscoveryService"
138-->[com.google.firebase:firebase-storage-ktx:21.0.0] AndroidManifest.xml:10:13-84
139            android:directBootAware="true"
139-->[com.google.firebase:firebase-common:21.0.0] AndroidManifest.xml:32:13-43
140            android:exported="false" >
140-->[com.google.firebase:firebase-storage-ktx:21.0.0] AndroidManifest.xml:11:13-37
141            <meta-data
141-->[com.google.firebase:firebase-storage-ktx:21.0.0] AndroidManifest.xml:12:13-14:85
142                android:name="com.google.firebase.components:com.google.firebase.storage.ktx.FirebaseStorageLegacyRegistrar"
142-->[com.google.firebase:firebase-storage-ktx:21.0.0] AndroidManifest.xml:13:17-125
143                android:value="com.google.firebase.components.ComponentRegistrar" />
143-->[com.google.firebase:firebase-storage-ktx:21.0.0] AndroidManifest.xml:14:17-82
144            <meta-data
144-->[com.google.firebase:firebase-database-ktx:21.0.0] AndroidManifest.xml:12:13-14:85
145                android:name="com.google.firebase.components:com.google.firebase.database.ktx.FirebaseDatabaseLegacyRegistrar"
145-->[com.google.firebase:firebase-database-ktx:21.0.0] AndroidManifest.xml:13:17-127
146                android:value="com.google.firebase.components.ComponentRegistrar" />
146-->[com.google.firebase:firebase-database-ktx:21.0.0] AndroidManifest.xml:14:17-82
147            <meta-data
147-->[com.google.firebase:firebase-messaging-ktx:24.0.1] AndroidManifest.xml:26:13-28:85
148                android:name="com.google.firebase.components:com.google.firebase.messaging.ktx.FirebaseMessagingLegacyRegistrar"
148-->[com.google.firebase:firebase-messaging-ktx:24.0.1] AndroidManifest.xml:27:17-129
149                android:value="com.google.firebase.components.ComponentRegistrar" />
149-->[com.google.firebase:firebase-messaging-ktx:24.0.1] AndroidManifest.xml:28:17-82
150            <meta-data
150-->[com.google.firebase:firebase-messaging:24.0.1] AndroidManifest.xml:57:13-59:85
151                android:name="com.google.firebase.components:com.google.firebase.messaging.FirebaseMessagingKtxRegistrar"
151-->[com.google.firebase:firebase-messaging:24.0.1] AndroidManifest.xml:58:17-122
152                android:value="com.google.firebase.components.ComponentRegistrar" />
152-->[com.google.firebase:firebase-messaging:24.0.1] AndroidManifest.xml:59:17-82
153            <meta-data
153-->[com.google.firebase:firebase-messaging:24.0.1] AndroidManifest.xml:60:13-62:85
154                android:name="com.google.firebase.components:com.google.firebase.messaging.FirebaseMessagingRegistrar"
154-->[com.google.firebase:firebase-messaging:24.0.1] AndroidManifest.xml:61:17-119
155                android:value="com.google.firebase.components.ComponentRegistrar" />
155-->[com.google.firebase:firebase-messaging:24.0.1] AndroidManifest.xml:62:17-82
156            <meta-data
156-->[com.google.firebase:firebase-storage:21.0.0] AndroidManifest.xml:30:13-32:85
157                android:name="com.google.firebase.components:com.google.firebase.storage.FirebaseStorageKtxRegistrar"
157-->[com.google.firebase:firebase-storage:21.0.0] AndroidManifest.xml:31:17-118
158                android:value="com.google.firebase.components.ComponentRegistrar" />
158-->[com.google.firebase:firebase-storage:21.0.0] AndroidManifest.xml:32:17-82
159            <meta-data
159-->[com.google.firebase:firebase-storage:21.0.0] AndroidManifest.xml:33:13-35:85
160                android:name="com.google.firebase.components:com.google.firebase.storage.StorageRegistrar"
160-->[com.google.firebase:firebase-storage:21.0.0] AndroidManifest.xml:34:17-107
161                android:value="com.google.firebase.components.ComponentRegistrar" />
161-->[com.google.firebase:firebase-storage:21.0.0] AndroidManifest.xml:35:17-82
162            <meta-data
162-->[com.google.firebase:firebase-database:21.0.0] AndroidManifest.xml:29:13-31:85
163                android:name="com.google.firebase.components:com.google.firebase.database.FirebaseDatabaseKtxRegistrar"
163-->[com.google.firebase:firebase-database:21.0.0] AndroidManifest.xml:30:17-120
164                android:value="com.google.firebase.components.ComponentRegistrar" />
164-->[com.google.firebase:firebase-database:21.0.0] AndroidManifest.xml:31:17-82
165            <meta-data
165-->[com.google.firebase:firebase-database:21.0.0] AndroidManifest.xml:32:13-34:85
166                android:name="com.google.firebase.components:com.google.firebase.database.DatabaseRegistrar"
166-->[com.google.firebase:firebase-database:21.0.0] AndroidManifest.xml:33:17-109
167                android:value="com.google.firebase.components.ComponentRegistrar" />
167-->[com.google.firebase:firebase-database:21.0.0] AndroidManifest.xml:34:17-82
168            <meta-data
168-->[com.google.firebase:firebase-auth-ktx:23.0.0] AndroidManifest.xml:11:13-13:85
169                android:name="com.google.firebase.components:com.google.firebase.auth.ktx.FirebaseAuthLegacyRegistrar"
169-->[com.google.firebase:firebase-auth-ktx:23.0.0] AndroidManifest.xml:12:17-119
170                android:value="com.google.firebase.components.ComponentRegistrar" />
170-->[com.google.firebase:firebase-auth-ktx:23.0.0] AndroidManifest.xml:13:17-82
171            <meta-data
171-->[com.google.firebase:firebase-auth:23.0.0] AndroidManifest.xml:69:13-71:85
172                android:name="com.google.firebase.components:com.google.firebase.auth.FirebaseAuthRegistrar"
172-->[com.google.firebase:firebase-auth:23.0.0] AndroidManifest.xml:70:17-109
173                android:value="com.google.firebase.components.ComponentRegistrar" />
173-->[com.google.firebase:firebase-auth:23.0.0] AndroidManifest.xml:71:17-82
174            <meta-data
174-->[com.google.firebase:firebase-appcheck:18.0.0] AndroidManifest.xml:25:13-27:85
175                android:name="com.google.firebase.components:com.google.firebase.appcheck.FirebaseAppCheckKtxRegistrar"
175-->[com.google.firebase:firebase-appcheck:18.0.0] AndroidManifest.xml:26:17-120
176                android:value="com.google.firebase.components.ComponentRegistrar" />
176-->[com.google.firebase:firebase-appcheck:18.0.0] AndroidManifest.xml:27:17-82
177            <meta-data
177-->[com.google.firebase:firebase-appcheck:18.0.0] AndroidManifest.xml:28:13-30:85
178                android:name="com.google.firebase.components:com.google.firebase.appcheck.FirebaseAppCheckRegistrar"
178-->[com.google.firebase:firebase-appcheck:18.0.0] AndroidManifest.xml:29:17-117
179                android:value="com.google.firebase.components.ComponentRegistrar" />
179-->[com.google.firebase:firebase-appcheck:18.0.0] AndroidManifest.xml:30:17-82
180            <meta-data
180-->[com.google.android.gms:play-services-measurement-api:22.1.0] AndroidManifest.xml:37:13-39:85
181                android:name="com.google.firebase.components:com.google.firebase.analytics.connector.internal.AnalyticsConnectorRegistrar"
181-->[com.google.android.gms:play-services-measurement-api:22.1.0] AndroidManifest.xml:38:17-139
182                android:value="com.google.firebase.components.ComponentRegistrar" />
182-->[com.google.android.gms:play-services-measurement-api:22.1.0] AndroidManifest.xml:39:17-82
183            <meta-data
183-->[com.google.firebase:firebase-installations:18.0.0] AndroidManifest.xml:15:13-17:85
184                android:name="com.google.firebase.components:com.google.firebase.installations.FirebaseInstallationsKtxRegistrar"
184-->[com.google.firebase:firebase-installations:18.0.0] AndroidManifest.xml:16:17-130
185                android:value="com.google.firebase.components.ComponentRegistrar" />
185-->[com.google.firebase:firebase-installations:18.0.0] AndroidManifest.xml:17:17-82
186            <meta-data
186-->[com.google.firebase:firebase-installations:18.0.0] AndroidManifest.xml:18:13-20:85
187                android:name="com.google.firebase.components:com.google.firebase.installations.FirebaseInstallationsRegistrar"
187-->[com.google.firebase:firebase-installations:18.0.0] AndroidManifest.xml:19:17-127
188                android:value="com.google.firebase.components.ComponentRegistrar" />
188-->[com.google.firebase:firebase-installations:18.0.0] AndroidManifest.xml:20:17-82
189            <meta-data
189-->[com.google.firebase:firebase-common-ktx:21.0.0] AndroidManifest.xml:12:13-14:85
190                android:name="com.google.firebase.components:com.google.firebase.ktx.FirebaseCommonLegacyRegistrar"
190-->[com.google.firebase:firebase-common-ktx:21.0.0] AndroidManifest.xml:13:17-116
191                android:value="com.google.firebase.components.ComponentRegistrar" />
191-->[com.google.firebase:firebase-common-ktx:21.0.0] AndroidManifest.xml:14:17-82
192            <meta-data
192-->[com.google.firebase:firebase-common:21.0.0] AndroidManifest.xml:35:13-37:85
193                android:name="com.google.firebase.components:com.google.firebase.FirebaseCommonKtxRegistrar"
193-->[com.google.firebase:firebase-common:21.0.0] AndroidManifest.xml:36:17-109
194                android:value="com.google.firebase.components.ComponentRegistrar" />
194-->[com.google.firebase:firebase-common:21.0.0] AndroidManifest.xml:37:17-82
195            <meta-data
195-->[com.google.firebase:firebase-datatransport:18.2.0] AndroidManifest.xml:25:13-27:85
196                android:name="com.google.firebase.components:com.google.firebase.datatransport.TransportRegistrar"
196-->[com.google.firebase:firebase-datatransport:18.2.0] AndroidManifest.xml:26:17-115
197                android:value="com.google.firebase.components.ComponentRegistrar" />
197-->[com.google.firebase:firebase-datatransport:18.2.0] AndroidManifest.xml:27:17-82
198        </service>
199
200        <receiver
200-->[com.google.android.gms:play-services-measurement:22.1.0] AndroidManifest.xml:29:9-33:20
201            android:name="com.google.android.gms.measurement.AppMeasurementReceiver"
201-->[com.google.android.gms:play-services-measurement:22.1.0] AndroidManifest.xml:30:13-85
202            android:enabled="true"
202-->[com.google.android.gms:play-services-measurement:22.1.0] AndroidManifest.xml:31:13-35
203            android:exported="false" >
203-->[com.google.android.gms:play-services-measurement:22.1.0] AndroidManifest.xml:32:13-37
204        </receiver>
205
206        <service
206-->[com.google.android.gms:play-services-measurement:22.1.0] AndroidManifest.xml:35:9-38:40
207            android:name="com.google.android.gms.measurement.AppMeasurementService"
207-->[com.google.android.gms:play-services-measurement:22.1.0] AndroidManifest.xml:36:13-84
208            android:enabled="true"
208-->[com.google.android.gms:play-services-measurement:22.1.0] AndroidManifest.xml:37:13-35
209            android:exported="false" />
209-->[com.google.android.gms:play-services-measurement:22.1.0] AndroidManifest.xml:38:13-37
210        <service
210-->[com.google.android.gms:play-services-measurement:22.1.0] AndroidManifest.xml:39:9-43:72
211            android:name="com.google.android.gms.measurement.AppMeasurementJobService"
211-->[com.google.android.gms:play-services-measurement:22.1.0] AndroidManifest.xml:40:13-87
212            android:enabled="true"
212-->[com.google.android.gms:play-services-measurement:22.1.0] AndroidManifest.xml:41:13-35
213            android:exported="false"
213-->[com.google.android.gms:play-services-measurement:22.1.0] AndroidManifest.xml:42:13-37
214            android:permission="android.permission.BIND_JOB_SERVICE" />
214-->[com.google.android.gms:play-services-measurement:22.1.0] AndroidManifest.xml:43:13-69
215
216        <receiver
216-->[com.onesignal:notifications:5.2.0-beta-02] AndroidManifest.xml:49:9-60:20
217            android:name="com.onesignal.notifications.receivers.FCMBroadcastReceiver"
217-->[com.onesignal:notifications:5.2.0-beta-02] AndroidManifest.xml:50:13-86
218            android:exported="true"
218-->[com.onesignal:notifications:5.2.0-beta-02] AndroidManifest.xml:51:13-36
219            android:permission="com.google.android.c2dm.permission.SEND" >
219-->[com.onesignal:notifications:5.2.0-beta-02] AndroidManifest.xml:52:13-73
220
221            <!-- High priority so OneSignal payloads can be filtered from other FCM receivers -->
222            <intent-filter android:priority="999" >
222-->[com.onesignal:notifications:5.2.0-beta-02] AndroidManifest.xml:55:13-59:29
222-->[com.onesignal:notifications:5.2.0-beta-02] AndroidManifest.xml:55:28-50
223                <action android:name="com.google.android.c2dm.intent.RECEIVE" />
223-->[com.onesignal:notifications:5.2.0-beta-02] AndroidManifest.xml:56:17-81
223-->[com.onesignal:notifications:5.2.0-beta-02] AndroidManifest.xml:56:25-78
224
225                <category android:name="com.example.projectilumina" />
225-->[com.onesignal:notifications:5.2.0-beta-02] AndroidManifest.xml:58:17-61
225-->[com.onesignal:notifications:5.2.0-beta-02] AndroidManifest.xml:58:27-58
226            </intent-filter>
227        </receiver>
228
229        <service
229-->[com.onesignal:notifications:5.2.0-beta-02] AndroidManifest.xml:62:9-68:19
230            android:name="com.onesignal.notifications.services.HmsMessageServiceOneSignal"
230-->[com.onesignal:notifications:5.2.0-beta-02] AndroidManifest.xml:63:13-91
231            android:exported="false" >
231-->[com.onesignal:notifications:5.2.0-beta-02] AndroidManifest.xml:64:13-37
232            <intent-filter>
232-->[com.onesignal:notifications:5.2.0-beta-02] AndroidManifest.xml:65:13-67:29
233                <action android:name="com.huawei.push.action.MESSAGING_EVENT" />
233-->[com.onesignal:notifications:5.2.0-beta-02] AndroidManifest.xml:66:17-81
233-->[com.onesignal:notifications:5.2.0-beta-02] AndroidManifest.xml:66:25-78
234            </intent-filter>
235        </service>
236
237        <activity
237-->[com.onesignal:notifications:5.2.0-beta-02] AndroidManifest.xml:70:9-78:20
238            android:name="com.onesignal.notifications.activities.NotificationOpenedActivityHMS"